(2016-07-20 21:28:04)[8004]---------------------------------------------
(2016-07-20 21:28:04)[8004]CLocalSoftInfo::GetSoftIco Fail; SoftPath[msiexec.exe]SoftIco[skins\SoftMgr\Ico\Default.ico]
(2016-07-20 21:28:04)[8004]Local Soft[0]==>>[360安全卫士]
(2016-07-20 21:28:04)[8004]Local Soft[1]==>>[Beyond Compare 4.1.3]
(2016-07-20 21:28:04)[8004]Local Soft[2]==>>[DDKWizard (DDKBUILD project templates for Visual Studio)]
(2016-07-20 21:28:04)[8004]Local Soft[3]==>>[Debugging Tools for Windows (x64)]
(2016-07-20 21:28:04)[8004]Local Soft[4]==>>[Device Simulation Framework 1.0.1]
(2016-07-20 21:28:04)[8004]Local Soft[5]==>>[Foxit Reader]
(2016-07-20 21:28:04)[8004]Local Soft[6]==>>[Google Chrome]
(2016-07-20 21:28:04)[8004]Local Soft[7]==>>[Intel(R) Processor Graphics]
(2016-07-20 21:28:04)[8004]Local Soft[8]==>>[MSDN Library for Visual Studio 2008 - ENU]
(2016-07-20 21:28:04)[8004]Local Soft[9]==>>[Microsoft .NET Framework 4 Client Profile]
(2016-07-20 21:28:04)[8004]Local Soft[10]==>>[Microsoft .NET Framework 4 Extended]
(2016-07-20 21:28:04)[8004]Local Soft[11]==>>[Microsoft .NET Framework 4 Multi-Targeting Pack]
(2016-07-20 21:28:04)[8004]Local Soft[12]==>>[Microsoft Device Emulator (64 bit) version 3.0 - ENU]
(2016-07-20 21:28:04)[8004]Local Soft[13]==>>[Microsoft Document Explorer 2008]
(2016-07-20 21:28:04)[8004]Local Soft[14]==>>[Microsoft Help Viewer 1.0]
(2016-07-20 21:28:04)[8004]Local Soft[15]==>>[Microsoft Office Professional Plus 2007]
(2016-07-20 21:28:04)[8004]Local Soft[16]==>>[Microsoft SQL Server 2008 R2 Data-Tier Application Framework]
(2016-07-20 21:28:04)[8004]Local Soft[17]==>>[Microsoft SQL Server 2008 R2 Data-Tier Application Project]
(2016-07-20 21:28:04)[8004]Local Soft[18]==>>[Microsoft SQL Server 2008 R2 Management Objects]
(2016-07-20 21:28:04)[8004]Local Soft[19]==>>[Microsoft SQL Server 2008 R2 Management Objects (x64)]
(2016-07-20 21:28:04)[8004]Local Soft[20]==>>[Microsoft SQL Server 2008 R2 Transact-SQL Language Service]
(2016-07-20 21:28:04)[8004]Local Soft[21]==>>[Microsoft SQL Server Compact 3.5 SP1 Design Tools English]
(2016-07-20 21:28:04)[8004]Local Soft[22]==>>[Microsoft SQL Server Compact 3.5 SP2 ENU]
(2016-07-20 21:28:04)[8004]Local Soft[23]==>>[Microsoft SQL Server Compact 3.5 SP2 x64 ENU]
(2016-07-20 21:28:04)[8004]Local Soft[24]==>>[Microsoft SQL Server Compact 3.5 for Devices ENU]
(2016-07-20 21:28:04)[8004]Local Soft[25]==>>[Microsoft SQL Server Database Publishing Wizard 1.3]
(2016-07-20 21:28:04)[8004]Local Soft[26]==>>[Microsoft SQL Server Database Publishing Wizard 1.4]
(2016-07-20 21:28:04)[8004]Local Soft[27]==>>[Microsoft SQL Server System CLR Types]
(2016-07-20 21:28:04)[8004]Local Soft[28]==>>[Microsoft SQL Server System CLR Types (x64)]
(2016-07-20 21:28:04)[8004]Local Soft[29]==>>[Microsoft Team Foundation Server 2010 Object Model - ENU]
(2016-07-20 21:28:04)[8004]Local Soft[30]==>>[Microsoft Visual C++ 2008 Redistributable - x64 9.0.30729.4148]
(2016-07-20 21:28:04)[8004]Local Soft[31]==>>[Microsoft Visual C++ 2008 Redistributable - x86 9.0.30729.4148]
(2016-07-20 21:28:04)[8004]Local Soft[32]==>>[Microsoft Visual C++ 2008 Redistributable - x86 9.0.30729.4974]
(2016-07-20 21:28:04)[8004]Local Soft[33]==>>[Microsoft Visual C++ 2010  x64 Designtime - 10.0.30319]
(2016-07-20 21:28:04)[8004]Local Soft[34]==>>[Microsoft Visual C++ 2010  x64 Runtime - 10.0.30319]
(2016-07-20 21:28:04)[8004]Local Soft[35]==>>[Microsoft Visual C++ 2010  x86 Runtime - 10.0.30319]
(2016-07-20 21:28:04)[8004]Local Soft[36]==>>[Microsoft Visual Studio 2008 Professional Edition - ENU]
(2016-07-20 21:28:04)[8004]Local Soft[37]==>>[Microsoft Visual Studio 2008 Remote Debugger - ENU]
(2016-07-20 21:28:04)[8004]Local Soft[38]==>>[Microsoft Visual Studio 2010 IntelliTrace Collection (x64)]
(2016-07-20 21:28:04)[8004]Local Soft[39]==>>[Microsoft Visual Studio 2010 Tools for Office Runtime (x64)]
(2016-07-20 21:28:04)[8004]Local Soft[40]==>>[Microsoft Visual Studio 2010 Ultimate - ENU]
(2016-07-20 21:28:04)[8004]Local Soft[41]==>>[Microsoft Visual Studio Macro Tools]
(2016-07-20 21:28:04)[8004]Local Soft[42]==>>[Microsoft Visual Studio Web Authoring Component]
(2016-07-20 21:28:04)[8004]Local Soft[43]==>>[Microsoft Windows Driver Kit 7.1.0.7600]
(2016-07-20 21:28:04)[8004]Local Soft[44]==>>[Microsoft Windows Driver Kit Documentation 7600.091201]
(2016-07-20 21:28:04)[8004]Local Soft[45]==>>[Microsoft Windows SDK for Visual Studio 2008 .NET Framework Tools - enu]
(2016-07-20 21:28:04)[8004]Local Soft[46]==>>[Microsoft Windows SDK for Visual Studio 2008 Headers and Libraries]
(2016-07-20 21:28:04)[8004]Local Soft[47]==>>[Microsoft Windows SDK for Visual Studio 2008 SDK Reference Assemblies and IntelliSense]
(2016-07-20 21:28:04)[8004]Local Soft[48]==>>[Microsoft Windows SDK for Visual Studio 2008 SP1 Tools]
(2016-07-20 21:28:04)[8004]Local Soft[49]==>>[Microsoft Windows SDK for Visual Studio 2008 SP1 Win32 Tools]
(2016-07-20 21:28:04)[8004]Local Soft[50]==>>[PVS-Studio 5.01]
(2016-07-20 21:28:04)[8004]Local Soft[51]==>>[TortoiseSVN 1.9.4.27285 (64 bit)]
(2016-07-20 21:28:04)[8004]Local Soft[52]==>>[UltraEdit]
(2016-07-20 21:28:04)[8004]Local Soft[53]==>>[Visual Assist]
(2016-07-20 21:28:04)[8004]Local Soft[54]==>>[Visual C++ 2008 IA64 Runtime - v9.0.30729.01]
(2016-07-20 21:28:04)[8004]Local Soft[55]==>>[Visual C++ 2008 x64 Runtime - v9.0.30729.01]
(2016-07-20 21:28:04)[8004]Local Soft[56]==>>[Visual C++ 2008 x86 Runtime - v9.0.30729.01]
(2016-07-20 21:28:04)[8004]Local Soft[57]==>>[Visual Studio .NET Prerequisites - English]
(2016-07-20 21:28:04)[8004]Local Soft[58]==>>[Visual Studio 2010 Prerequisites - English]
(2016-07-20 21:28:04)[8004]Local Soft[59]==>>[Visual Studio 2010 Tools for SQL Server Compact 3.5 SP2 ENU]
(2016-07-20 21:28:04)[8004]Local Soft[60]==>>[VisualSVN Server 3.5.3]
(2016-07-20 21:28:04)[8004]Local Soft[61]==>>[WinRAR 5.31 (64-bit)]
(2016-07-20 21:28:04)[8004]Local Soft[62]==>>[Windows Mobile 5.0 SDK R2 for Pocket PC]
(2016-07-20 21:28:04)[8004]Local Soft[63]==>>[Windows Mobile 5.0 SDK R2 for Smartphone]
(2016-07-20 21:28:04)[8004]Local Soft[64]==>>[酷狗音乐]
(2016-07-20 21:28:04)[8004]Local Soft[65]==>>[搜狗拼音输入法 8.0正式版]
(2016-07-20 21:28:04)[8004]Local Soft[66]==>>[腾讯QQ]
(2016-07-20 21:28:04)[8004]Local Soft[67]==>>[微信]
(2016-07-20 21:28:04)[8004]Local Soft[68]==>>[迅雷7]
(2016-07-20 21:28:04)[8004]Local Soft[69]==>>[有道词典]
(2016-07-20 21:28:04)[8004]CDataBaseManage::SelectSoftData LastError[2]
(2016-07-20 21:28:04)[8004]CFunLib::HostToIp Succeed <www1.rjguanjia.com>-><192.168.2.169>
(2016-07-20 21:28:04)[8004]CFunLib::HostToIp Succeed <www1.rjguanjia.com>-><192.168.2.169>
(2016-07-20 21:28:05)[8004]CHttpComm::GetWebServerData  Time [827] Url[http://www1.rjguanjia.com/interface/soft.html]
(2016-07-20 21:28:05)[8004]CJsonConvert::JsonGetMenuArry Name[影音必备] ID[5002]
(2016-07-20 21:28:05)[8004]CJsonConvert::JsonGetMenuArry Name[游戏必备] ID[5003]
(2016-07-20 21:28:05)[8004]CJsonConvert::JsonGetMenuArry Name[上网必备] ID[5004]
(2016-07-20 21:28:05)[8004]CJsonConvert::JsonGetMenuArry Name[系统必备] ID[5005]
(2016-07-20 21:28:05)[8004]CJsonConvert::JsonGetMenuArry Name[办公必备] ID[5006]
(2016-07-20 21:28:05)[8004]CJsonConvert::JsonGetMenuArry Name[视频软件] ID[150]
(2016-07-20 21:28:05)[8004]CJsonConvert::JsonGetMenuArry Name[音乐软件] ID[151]
(2016-07-20 21:28:05)[8004]CJsonConvert::JsonGetMenuArry Name[下载工具] ID[152]
(2016-07-20 21:28:05)[8004]CJsonConvert::JsonGetMenuArry Name[游戏娱乐] ID[153]
(2016-07-20 21:28:05)[8004]CJsonConvert::JsonGetMenuArry Name[图形图像] ID[154]
(2016-07-20 21:28:05)[8004]CJsonConvert::JsonGetMenuArry Name[安全杀毒] ID[155]
(2016-07-20 21:28:05)[8004]CJsonConvert::JsonGetMenuArry Name[输入法] ID[156]
(2016-07-20 21:28:05)[8004]CJsonConvert::JsonGetMenuArry Name[浏览器] ID[157]
(2016-07-20 21:28:05)[8004]CJsonConvert::JsonGetMenuArry Name[股票网银] ID[158]
(2016-07-20 21:28:05)[8004]CJsonConvert::JsonGetMenuArry Name[办公软件] ID[159]
(2016-07-20 21:28:05)[8004]CJsonConvert::JsonGetMenuArry Name[压缩刻录] ID[161]
(2016-07-20 21:28:05)[8004]CJsonConvert::JsonGetMenuArry Name[系统工具] ID[162]
(2016-07-20 21:28:05)[8004]CJsonConvert::JsonGetMenuArry Name[编程开发] ID[163]
(2016-07-20 21:28:05)[8004]CJsonConvert::JsonGetMenuArry Name[手机数码] ID[165]
(2016-07-20 21:28:05)[8004]CJsonConvert::JsonGetMenuArry Name[教育学习] ID[167]
(2016-07-20 21:28:05)[8004]CJsonConvert::JsonGetMenuArry Name[网络应用] ID[168]
(2016-07-20 21:28:05)[8004]CJsonConvert::JsonGetMenuArry Name[其它软件] ID[169]
(2016-07-20 21:28:05)[8004]CFunLib::HostToIp Succeed <www1.rjguanjia.com>-><192.168.2.169>
(2016-07-20 21:28:05)[8004]====>>>Begin CHttpComm::PostWebServerData  TickCount [46544021] Url[http://www1.rjguanjia.com/interface/analyse.html]
(2016-07-20 21:28:05)[8004]CHttpComm::GetWebServerData  Time [718] Url[http://www1.rjguanjia.com/interface/soft.html]
(2016-07-20 21:28:05)[8004]CJsonConvert::JsonGetMenuArry Name[影音必备] ID[5002]
(2016-07-20 21:28:05)[8004]CJsonConvert::JsonGetMenuArry Name[游戏必备] ID[5003]
(2016-07-20 21:28:05)[8004]CJsonConvert::JsonGetMenuArry Name[上网必备] ID[5004]
(2016-07-20 21:28:05)[8004]CJsonConvert::JsonGetMenuArry Name[系统必备] ID[5005]
(2016-07-20 21:28:05)[8004]CJsonConvert::JsonGetMenuArry Name[办公必备] ID[5006]
(2016-07-20 21:28:05)[8004]CJsonConvert::JsonGetMenuArry Name[视频软件] ID[150]
(2016-07-20 21:28:05)[8004]CJsonConvert::JsonGetMenuArry Name[音乐软件] ID[151]
(2016-07-20 21:28:05)[8004]CJsonConvert::JsonGetMenuArry Name[下载工具] ID[152]
(2016-07-20 21:28:05)[8004]CJsonConvert::JsonGetMenuArry Name[游戏娱乐] ID[153]
(2016-07-20 21:28:05)[8004]CJsonConvert::JsonGetMenuArry Name[图形图像] ID[154]
(2016-07-20 21:28:05)[8004]CJsonConvert::JsonGetMenuArry Name[安全杀毒] ID[155]
(2016-07-20 21:28:05)[8004]CJsonConvert::JsonGetMenuArry Name[输入法] ID[156]
(2016-07-20 21:28:05)[8004]CJsonConvert::JsonGetMenuArry Name[浏览器] ID[157]
(2016-07-20 21:28:05)[8004]CJsonConvert::JsonGetMenuArry Name[股票网银] ID[158]
(2016-07-20 21:28:05)[8004]CJsonConvert::JsonGetMenuArry Name[办公软件] ID[159]
(2016-07-20 21:28:05)[8004]CJsonConvert::JsonGetMenuArry Name[压缩刻录] ID[161]
(2016-07-20 21:28:05)[8004]CJsonConvert::JsonGetMenuArry Name[系统工具] ID[162]
(2016-07-20 21:28:05)[8004]CJsonConvert::JsonGetMenuArry Name[编程开发] ID[163]
(2016-07-20 21:28:05)[8004]CJsonConvert::JsonGetMenuArry Name[手机数码] ID[165]
(2016-07-20 21:28:05)[8004]CJsonConvert::JsonGetMenuArry Name[教育学习] ID[167]
(2016-07-20 21:28:05)[8004]CJsonConvert::JsonGetMenuArry Name[网络应用] ID[168]
(2016-07-20 21:28:05)[8004]CJsonConvert::JsonGetMenuArry Name[其它软件] ID[169]
(2016-07-20 21:28:05)[8004]CFunLib::HostToIp Succeed <www1.rjguanjia.com>-><192.168.2.169>
(2016-07-20 21:28:05)[8004]CHttpComm::GetWebServerData  Time [109] Url[http://www1.rjguanjia.com/interface/soft.html/?type=1&id=152&os=0&rank=1&start=0&num=20&softname=]
(2016-07-20 21:28:05)[8004]BOOL WINAPI DllGetSoftInfo Time [141]
(2016-07-20 21:28:57)[4916]---------------------------------------------
(2016-07-20 21:28:57)[4916]CLocalSoftInfo::GetSoftIco Fail; SoftPath[msiexec.exe]SoftIco[skins\SoftMgr\Ico\Default.ico]
(2016-07-20 21:28:57)[4916]Local Soft[0]==>>[360安全卫士]
(2016-07-20 21:28:57)[4916]Local Soft[1]==>>[Beyond Compare 4.1.3]
(2016-07-20 21:28:57)[4916]Local Soft[2]==>>[DDKWizard (DDKBUILD project templates for Visual Studio)]
(2016-07-20 21:28:57)[4916]Local Soft[3]==>>[Debugging Tools for Windows (x64)]
(2016-07-20 21:28:57)[4916]Local Soft[4]==>>[Device Simulation Framework 1.0.1]
(2016-07-20 21:28:57)[4916]Local Soft[5]==>>[Foxit Reader]
(2016-07-20 21:28:57)[4916]Local Soft[6]==>>[Google Chrome]
(2016-07-20 21:28:57)[4916]Local Soft[7]==>>[Intel(R) Processor Graphics]
(2016-07-20 21:28:57)[4916]Local Soft[8]==>>[MSDN Library for Visual Studio 2008 - ENU]
(2016-07-20 21:28:57)[4916]Local Soft[9]==>>[Microsoft .NET Framework 4 Client Profile]
(2016-07-20 21:28:57)[4916]Local Soft[10]==>>[Microsoft .NET Framework 4 Extended]
(2016-07-20 21:28:57)[4916]Local Soft[11]==>>[Microsoft .NET Framework 4 Multi-Targeting Pack]
(2016-07-20 21:28:57)[4916]Local Soft[12]==>>[Microsoft Device Emulator (64 bit) version 3.0 - ENU]
(2016-07-20 21:28:57)[4916]Local Soft[13]==>>[Microsoft Document Explorer 2008]
(2016-07-20 21:28:57)[4916]Local Soft[14]==>>[Microsoft Help Viewer 1.0]
(2016-07-20 21:28:57)[4916]Local Soft[15]==>>[Microsoft Office Professional Plus 2007]
(2016-07-20 21:28:57)[4916]Local Soft[16]==>>[Microsoft SQL Server 2008 R2 Data-Tier Application Framework]
(2016-07-20 21:28:57)[4916]Local Soft[17]==>>[Microsoft SQL Server 2008 R2 Data-Tier Application Project]
(2016-07-20 21:28:57)[4916]Local Soft[18]==>>[Microsoft SQL Server 2008 R2 Management Objects]
(2016-07-20 21:28:57)[4916]Local Soft[19]==>>[Microsoft SQL Server 2008 R2 Management Objects (x64)]
(2016-07-20 21:28:57)[4916]Local Soft[20]==>>[Microsoft SQL Server 2008 R2 Transact-SQL Language Service]
(2016-07-20 21:28:57)[4916]Local Soft[21]==>>[Microsoft SQL Server Compact 3.5 SP1 Design Tools English]
(2016-07-20 21:28:57)[4916]Local Soft[22]==>>[Microsoft SQL Server Compact 3.5 SP2 ENU]
(2016-07-20 21:28:57)[4916]Local Soft[23]==>>[Microsoft SQL Server Compact 3.5 SP2 x64 ENU]
(2016-07-20 21:28:57)[4916]Local Soft[24]==>>[Microsoft SQL Server Compact 3.5 for Devices ENU]
(2016-07-20 21:28:57)[4916]Local Soft[25]==>>[Microsoft SQL Server Database Publishing Wizard 1.3]
(2016-07-20 21:28:57)[4916]Local Soft[26]==>>[Microsoft SQL Server Database Publishing Wizard 1.4]
(2016-07-20 21:28:57)[4916]Local Soft[27]==>>[Microsoft SQL Server System CLR Types]
(2016-07-20 21:28:57)[4916]Local Soft[28]==>>[Microsoft SQL Server System CLR Types (x64)]
(2016-07-20 21:28:57)[4916]Local Soft[29]==>>[Microsoft Team Foundation Server 2010 Object Model - ENU]
(2016-07-20 21:28:57)[4916]Local Soft[30]==>>[Microsoft Visual C++ 2008 Redistributable - x64 9.0.30729.4148]
(2016-07-20 21:28:57)[4916]Local Soft[31]==>>[Microsoft Visual C++ 2008 Redistributable - x86 9.0.30729.4148]
(2016-07-20 21:28:57)[4916]Local Soft[32]==>>[Microsoft Visual C++ 2008 Redistributable - x86 9.0.30729.4974]
(2016-07-20 21:28:57)[4916]Local Soft[33]==>>[Microsoft Visual C++ 2010  x64 Designtime - 10.0.30319]
(2016-07-20 21:28:57)[4916]Local Soft[34]==>>[Microsoft Visual C++ 2010  x64 Runtime - 10.0.30319]
(2016-07-20 21:28:57)[4916]Local Soft[35]==>>[Microsoft Visual C++ 2010  x86 Runtime - 10.0.30319]
(2016-07-20 21:28:57)[4916]Local Soft[36]==>>[Microsoft Visual Studio 2008 Professional Edition - ENU]
(2016-07-20 21:28:57)[4916]Local Soft[37]==>>[Microsoft Visual Studio 2008 Remote Debugger - ENU]
(2016-07-20 21:28:57)[4916]Local Soft[38]==>>[Microsoft Visual Studio 2010 IntelliTrace Collection (x64)]
(2016-07-20 21:28:57)[4916]Local Soft[39]==>>[Microsoft Visual Studio 2010 Tools for Office Runtime (x64)]
(2016-07-20 21:28:57)[4916]Local Soft[40]==>>[Microsoft Visual Studio 2010 Ultimate - ENU]
(2016-07-20 21:28:57)[4916]Local Soft[41]==>>[Microsoft Visual Studio Macro Tools]
(2016-07-20 21:28:57)[4916]Local Soft[42]==>>[Microsoft Visual Studio Web Authoring Component]
(2016-07-20 21:28:57)[4916]Local Soft[43]==>>[Microsoft Windows Driver Kit 7.1.0.7600]
(2016-07-20 21:28:57)[4916]Local Soft[44]==>>[Microsoft Windows Driver Kit Documentation 7600.091201]
(2016-07-20 21:28:57)[4916]Local Soft[45]==>>[Microsoft Windows SDK for Visual Studio 2008 .NET Framework Tools - enu]
(2016-07-20 21:28:57)[4916]Local Soft[46]==>>[Microsoft Windows SDK for Visual Studio 2008 Headers and Libraries]
(2016-07-20 21:28:57)[4916]Local Soft[47]==>>[Microsoft Windows SDK for Visual Studio 2008 SDK Reference Assemblies and IntelliSense]
(2016-07-20 21:28:57)[4916]Local Soft[48]==>>[Microsoft Windows SDK for Visual Studio 2008 SP1 Tools]
(2016-07-20 21:28:57)[4916]Local Soft[49]==>>[Microsoft Windows SDK for Visual Studio 2008 SP1 Win32 Tools]
(2016-07-20 21:28:57)[4916]Local Soft[50]==>>[PVS-Studio 5.01]
(2016-07-20 21:28:57)[4916]Local Soft[51]==>>[TortoiseSVN 1.9.4.27285 (64 bit)]
(2016-07-20 21:28:57)[4916]Local Soft[52]==>>[UltraEdit]
(2016-07-20 21:28:57)[4916]Local Soft[53]==>>[Visual Assist]
(2016-07-20 21:28:57)[4916]Local Soft[54]==>>[Visual C++ 2008 IA64 Runtime - v9.0.30729.01]
(2016-07-20 21:28:57)[4916]Local Soft[55]==>>[Visual C++ 2008 x64 Runtime - v9.0.30729.01]
(2016-07-20 21:28:57)[4916]Local Soft[56]==>>[Visual C++ 2008 x86 Runtime - v9.0.30729.01]
(2016-07-20 21:28:57)[4916]Local Soft[57]==>>[Visual Studio .NET Prerequisites - English]
(2016-07-20 21:28:57)[4916]Local Soft[58]==>>[Visual Studio 2010 Prerequisites - English]
(2016-07-20 21:28:57)[4916]Local Soft[59]==>>[Visual Studio 2010 Tools for SQL Server Compact 3.5 SP2 ENU]
(2016-07-20 21:28:57)[4916]Local Soft[60]==>>[VisualSVN Server 3.5.3]
(2016-07-20 21:28:57)[4916]Local Soft[61]==>>[WinRAR 5.31 (64-bit)]
(2016-07-20 21:28:57)[4916]Local Soft[62]==>>[Windows Mobile 5.0 SDK R2 for Pocket PC]
(2016-07-20 21:28:57)[4916]Local Soft[63]==>>[Windows Mobile 5.0 SDK R2 for Smartphone]
(2016-07-20 21:28:57)[4916]Local Soft[64]==>>[酷狗音乐]
(2016-07-20 21:28:57)[4916]Local Soft[65]==>>[搜狗拼音输入法 8.0正式版]
(2016-07-20 21:28:57)[4916]Local Soft[66]==>>[腾讯QQ]
(2016-07-20 21:28:57)[4916]Local Soft[67]==>>[微信]
(2016-07-20 21:28:57)[4916]Local Soft[68]==>>[迅雷7]
(2016-07-20 21:28:57)[4916]Local Soft[69]==>>[有道词典]
(2016-07-20 21:28:57)[4916]CMenuList::SetLocalSoftCount id[163]==>Count[1]
(2016-07-20 21:28:57)[4916]CMenuList::SetLocalSoftCount id[149]==>Count[-1]
(2016-07-20 21:28:57)[4916]CMenuList::SetLocalSoftCount id[100000186]==>Count[-1]
(2016-07-20 21:28:57)[4916]CMenuList::SetLocalSoftCount id[167]==>Count[1]
(2016-07-20 21:28:57)[4916]CMenuList::SetLocalSoftCount id[152]==>Count[1]
(2016-07-20 21:28:57)[4916]CMenuList::SetLocalSoftCount id[149]==>Count[-1]
(2016-07-20 21:28:57)[4916]CMenuList::SetLocalSoftCount id[151]==>Count[1]
(2016-07-20 21:28:57)[4916]CMenuList::SetLocalSoftCount id[156]==>Count[1]
(2016-07-20 21:28:57)[4916]CDataBaseManage::SelectSoftData LastError[2]
(2016-07-20 21:28:57)[4916]CFunLib::HostToIp Succeed <www1.rjguanjia.com>-><192.168.2.169>
(2016-07-20 21:28:57)[4916]CFunLib::HostToIp Succeed <www1.rjguanjia.com>-><192.168.2.169>
(2016-07-20 21:28:58)[4916]CHttpComm::GetWebServerData  Time [734] Url[http://www1.rjguanjia.com/interface/soft.html]
(2016-07-20 21:28:58)[4916]CJsonConvert::JsonGetMenuArry Name[影音必备] ID[5002]
(2016-07-20 21:28:58)[4916]CJsonConvert::JsonGetMenuArry Name[游戏必备] ID[5003]
(2016-07-20 21:28:58)[4916]CJsonConvert::JsonGetMenuArry Name[上网必备] ID[5004]
(2016-07-20 21:28:58)[4916]CJsonConvert::JsonGetMenuArry Name[系统必备] ID[5005]
(2016-07-20 21:28:58)[4916]CJsonConvert::JsonGetMenuArry Name[办公必备] ID[5006]
(2016-07-20 21:28:58)[4916]CJsonConvert::JsonGetMenuArry Name[视频软件] ID[150]
(2016-07-20 21:28:58)[4916]CJsonConvert::JsonGetMenuArry Name[音乐软件] ID[151]
(2016-07-20 21:28:58)[4916]CJsonConvert::JsonGetMenuArry Name[下载工具] ID[152]
(2016-07-20 21:28:58)[4916]CJsonConvert::JsonGetMenuArry Name[游戏娱乐] ID[153]
(2016-07-20 21:28:58)[4916]CJsonConvert::JsonGetMenuArry Name[图形图像] ID[154]
(2016-07-20 21:28:58)[4916]CJsonConvert::JsonGetMenuArry Name[安全杀毒] ID[155]
(2016-07-20 21:28:58)[4916]CJsonConvert::JsonGetMenuArry Name[输入法] ID[156]
(2016-07-20 21:28:58)[4916]CJsonConvert::JsonGetMenuArry Name[浏览器] ID[157]
(2016-07-20 21:28:58)[4916]CJsonConvert::JsonGetMenuArry Name[股票网银] ID[158]
(2016-07-20 21:28:58)[4916]CJsonConvert::JsonGetMenuArry Name[办公软件] ID[159]
(2016-07-20 21:28:58)[4916]CJsonConvert::JsonGetMenuArry Name[压缩刻录] ID[161]
(2016-07-20 21:28:58)[4916]CJsonConvert::JsonGetMenuArry Name[系统工具] ID[162]
(2016-07-20 21:28:58)[4916]CJsonConvert::JsonGetMenuArry Name[编程开发] ID[163]
(2016-07-20 21:28:58)[4916]CJsonConvert::JsonGetMenuArry Name[手机数码] ID[165]
(2016-07-20 21:28:58)[4916]CJsonConvert::JsonGetMenuArry Name[教育学习] ID[167]
(2016-07-20 21:28:58)[4916]CJsonConvert::JsonGetMenuArry Name[网络应用] ID[168]
(2016-07-20 21:28:58)[4916]CJsonConvert::JsonGetMenuArry Name[其它软件] ID[169]
(2016-07-20 21:28:58)[4916]CFunLib::HostToIp Succeed <www1.rjguanjia.com>-><192.168.2.169>
(2016-07-20 21:28:58)[4916]====>>>Begin CHttpComm::PostWebServerData  TickCount [46596952] Url[http://www1.rjguanjia.com/interface/analyse.html]
(2016-07-20 21:28:58)[4916]CHttpComm::GetWebServerData  Time [593] Url[http://www1.rjguanjia.com/interface/soft.html]
(2016-07-20 21:28:58)[4916]CJsonConvert::JsonGetMenuArry Name[影音必备] ID[5002]
(2016-07-20 21:28:58)[4916]CJsonConvert::JsonGetMenuArry Name[游戏必备] ID[5003]
(2016-07-20 21:28:58)[4916]CJsonConvert::JsonGetMenuArry Name[上网必备] ID[5004]
(2016-07-20 21:28:58)[4916]CJsonConvert::JsonGetMenuArry Name[系统必备] ID[5005]
(2016-07-20 21:28:58)[4916]CJsonConvert::JsonGetMenuArry Name[办公必备] ID[5006]
(2016-07-20 21:28:58)[4916]CJsonConvert::JsonGetMenuArry Name[视频软件] ID[150]
(2016-07-20 21:28:58)[4916]CJsonConvert::JsonGetMenuArry Name[音乐软件] ID[151]
(2016-07-20 21:28:58)[4916]CJsonConvert::JsonGetMenuArry Name[下载工具] ID[152]
(2016-07-20 21:28:58)[4916]CJsonConvert::JsonGetMenuArry Name[游戏娱乐] ID[153]
(2016-07-20 21:28:58)[4916]CJsonConvert::JsonGetMenuArry Name[图形图像] ID[154]
(2016-07-20 21:28:58)[4916]CJsonConvert::JsonGetMenuArry Name[安全杀毒] ID[155]
(2016-07-20 21:28:58)[4916]CJsonConvert::JsonGetMenuArry Name[输入法] ID[156]
(2016-07-20 21:28:58)[4916]CJsonConvert::JsonGetMenuArry Name[浏览器] ID[157]
(2016-07-20 21:28:58)[4916]CJsonConvert::JsonGetMenuArry Name[股票网银] ID[158]
(2016-07-20 21:28:58)[4916]CJsonConvert::JsonGetMenuArry Name[办公软件] ID[159]
(2016-07-20 21:28:58)[4916]CJsonConvert::JsonGetMenuArry Name[压缩刻录] ID[161]
(2016-07-20 21:28:58)[4916]CJsonConvert::JsonGetMenuArry Name[系统工具] ID[162]
(2016-07-20 21:28:58)[4916]CJsonConvert::JsonGetMenuArry Name[编程开发] ID[163]
(2016-07-20 21:28:58)[4916]CJsonConvert::JsonGetMenuArry Name[手机数码] ID[165]
(2016-07-20 21:28:58)[4916]CJsonConvert::JsonGetMenuArry Name[教育学习] ID[167]
(2016-07-20 21:28:58)[4916]CJsonConvert::JsonGetMenuArry Name[网络应用] ID[168]
(2016-07-20 21:28:58)[4916]CJsonConvert::JsonGetMenuArry Name[其它软件] ID[169]
(2016-07-20 21:28:58)[4916]CFunLib::HostToIp Succeed <www1.rjguanjia.com>-><192.168.2.169>
(2016-07-20 21:28:58)[4916]CHttpComm::GetWebServerData  Time [171] Url[http://www1.rjguanjia.com/interface/soft.html/?type=1&id=152&os=0&rank=1&start=0&num=20&softname=]
(2016-07-20 21:28:58)[4916]BOOL WINAPI DllGetSoftInfo Time [187]
(2016-07-20 21:29:04)[4916]<<=====End CHttpComm::PostWebServerData  TickCount [46603286] Url[http://www1.rjguanjia.com/interface/analyse.html]
(2016-07-20 21:29:04)[4916]-----------GetStartingProcedure name[Microsoft Document Explorer 2008] Pant[C:\Windows\SysWOW64\msiexec.exe] InstallLocation[C:\Program Files (x86)\Common Files\Microsoft Shared\Help 9\] 		    DisplayIcon[C:\Windows\SysWOW64\msiexec.exe] UninstallString[C:\Program Files (x86)\Common Files\Microsoft Shared\Help 9\Microsoft Document Explorer 2008\install.exe] SoftName[]
(2016-07-20 21:29:04)[4916]=====111BindingServerInfoForID LocalID[104] LocalName[Microsoft Document Explorer 2008] state[1]
(2016-07-20 21:29:04)[4916]=====111BindingServerInfoForID LocalID[136] LocalName[Microsoft .NET Framework 4 Multi-Targeting Pack] state[1]
(2016-07-20 21:29:04)[4916]=====111BindingServerInfoForID LocalID[168] LocalName[Microsoft Device Emulator (64 bit) version 3.0 - ENU] state[1]
(2016-07-20 21:29:04)[4916]-----------GetStartingProcedure name[Visual Assist] Pant[C:\Program Files (x86)\Visual Assist\uninstall.exe] InstallLocation[] 		    DisplayIcon[C:\Program Files (x86)\Visual Assist\uninstall.exe] UninstallString[C:\Program Files (x86)\Visual Assist\uninstall.exe] SoftName[]
(2016-07-20 21:29:04)[4916]=====111BindingServerInfoForID LocalID[113] LocalName[Visual Assist] state[2]
(2016-07-20 21:29:04)[4916]CMenuList::SetLocalSoftCount id[163]==>Count[1]
(2016-07-20 21:29:04)[4916]=====222BOOL CJsonConvert::JsonGetBandingArry==[Visual Assist X][2]
(2016-07-20 21:29:04)[4916]=====111BindingServerInfoForID LocalID[145] LocalName[Microsoft .NET Framework 4 Extended] state[1]
(2016-07-20 21:29:04)[4916]=====111BindingServerInfoForID LocalID[106] LocalName[Microsoft Visual Studio 2010 Ultimate - ENU] state[1]
(2016-07-20 21:29:04)[4916]=====111BindingServerInfoForID LocalID[122] LocalName[Visual C++ 2008 IA64 Runtime - v9.0.30729.01] state[1]
(2016-07-20 21:29:04)[4916]-----------GetStartingProcedure name[Intel(R) Processor Graphics] Pant[C:\Program Files (x86)\Intel\Intel(R) Processor Graphics\Uninstall\Setup.exe,0] InstallLocation[C:\Program Files (x86)\Intel\Intel(R) Processor Graphics] 		    DisplayIcon[C:\Program Files (x86)\Intel\Intel(R) Processor Graphics\Uninstall\Setup.exe,0] UninstallString[C:\Program Files (x86)\Intel\Intel(R) Processor Graphics\Uninstall\setup.exe] SoftName[]
(2016-07-20 21:29:04)[4916]=====111BindingServerInfoForID LocalID[138] LocalName[Intel(R) Processor Graphics] state[1]
(2016-07-20 21:29:04)[4916]=====111BindingServerInfoForID LocalID[154] LocalName[Microsoft Windows SDK for Visual Studio 2008 Headers and Libraries] state[1]
(2016-07-20 21:29:04)[4916]-----------GetStartingProcedure name[微信] Pant[C:\Program Files (x86)\Tencent\WeChat\WeChat.exe] InstallLocation[C:\Program Files (x86)\Tencent\WeChat] 		    DisplayIcon[C:\Program Files (x86)\Tencent\WeChat\WeChat.exe] UninstallString[C:\Program Files (x86)\Tencent\WeChat\Uninstall.exe] SoftName[]
(2016-07-20 21:29:04)[4916]=====111BindingServerInfoForID LocalID[115] LocalName[微信] state[2]
(2016-07-20 21:29:04)[4916]CMenuList::SetLocalSoftCount id[149]==>Count[-1]
(2016-07-20 21:29:04)[4916]=====222BOOL CJsonConvert::JsonGetBandingArry==[微信电脑版][2]
(2016-07-20 21:29:04)[4916]=====111BindingServerInfoForID LocalID[131] LocalName[Microsoft Windows Driver Kit Documentation 7600.091201] state[1]
(2016-07-20 21:29:04)[4916]-----------GetStartingProcedure name[Microsoft Team Foundation Server 2010 Object Model - ENU] Pant[C:\Windows\system32\msiexec.exe] InstallLocation[] 		    DisplayIcon[C:\Windows\system32\msiexec.exe] UninstallString[MsiExec.exe /X{1AB7EDC5-D891-34C5-9FF1-BE6A85ACC44B}] SoftName[]
(2016-07-20 21:29:04)[4916]=====111BindingServerInfoForID LocalID[147] LocalName[Microsoft Team Foundation Server 2010 Object Model - ENU] state[1]
(2016-07-20 21:29:04)[4916]=====111BindingServerInfoForID LocalID[163] LocalName[VisualSVN Server 3.5.3] state[1]
(2016-07-20 21:29:04)[4916]=====111BindingServerInfoForID LocalID[108] LocalName[MSDN Library for Visual Studio 2008 - ENU] state[1]
(2016-07-20 21:29:04)[4916]=====111BindingServerInfoForID LocalID[124] LocalName[Microsoft SQL Server System CLR Types] state[1]
(2016-07-20 21:29:04)[4916]-----------GetStartingProcedure name[有道词典] Pant[D:\Program Files (x86)\Dict\YodaoDict.exe,0] InstallLocation[] 		    DisplayIcon[D:\Program Files (x86)\Dict\YodaoDict.exe,0] UninstallString[D:\Program Files (x86)\Dict\uninst.exe] SoftName[]
(2016-07-20 21:29:04)[4916]=====111BindingServerInfoForID LocalID[140] LocalName[有道词典] state[4]
(2016-07-20 21:29:04)[4916]CMenuList::SetLocalSoftCount id[100000186]==>Count[-1]
(2016-07-20 21:29:04)[4916]=====222BOOL CJsonConvert::JsonGetBandingArry==[有道词典][4]
(2016-07-20 21:29:04)[4916]=====111BindingServerInfoForID LocalID[156] LocalName[Microsoft Windows SDK for Visual Studio 2008 SP1 Tools] state[1]
(2016-07-20 21:29:04)[4916]-----------GetStartingProcedure name[Foxit Reader] Pant[D:\Program Files (x86)\Foxit Software\Foxit Reader\FoxitReader.exe] InstallLocation[D:\Program Files (x86)\Foxit Software\Foxit Reader\] 		    DisplayIcon[D:\Program Files (x86)\Foxit Software\Foxit Reader\FoxitReader.exe] UninstallString[D:\Program Files (x86)\Foxit Software\Foxit Reader\unins000.exe] SoftName[]
(2016-07-20 21:29:04)[4916]=====111BindingServerInfoForID LocalID[101] LocalName[Foxit Reader] state[1]
(2016-07-20 21:29:04)[4916]=====111BindingServerInfoForID LocalID[117] LocalName[Microsoft SQL Server Compact 3.5 SP1 Design Tools English] state[1]
(2016-07-20 21:29:04)[4916]=====111BindingServerInfoForID LocalID[133] LocalName[Microsoft SQL Server Database Publishing Wizard 1.3] state[1]
(2016-07-20 21:29:04)[4916]=====111BindingServerInfoForID LocalID[149] LocalName[Microsoft Visual Studio 2010 Tools for Office Runtime (x64)] state[1]
(2016-07-20 21:29:04)[4916]=====111BindingServerInfoForID LocalID[165] LocalName[Microsoft SQL Server Compact 3.5 SP2 x64 ENU] state[1]
(2016-07-20 21:29:04)[4916]=====111BindingServerInfoForID LocalID[110] LocalName[PVS-Studio 5.01] state[1]
(2016-07-20 21:29:04)[4916]-----------GetStartingProcedure name[UltraEdit] Pant[C:\Program Files (x86)\IDM Computer Solutions\UltraEdit\uedit32.exe] InstallLocation[C:\Program Files (x86)\IDM Computer Solutions\UltraEdit] 		    DisplayIcon[C:\Program Files (x86)\IDM Computer Solutions\UltraEdit\uedit32.exe] UninstallString[C:\Program Files (x86)\IDM Computer Solutions\UltraEdit\uninstall.exe" "/U:C:\Program Files (x86)\IDM Computer Solutions\UltraEdit\Uninstall\uninstall.xml] SoftName[]
(2016-07-20 21:29:04)[4916]=====111BindingServerInfoForID LocalID[126] LocalName[UltraEdit] state[2]
(2016-07-20 21:29:04)[4916]CMenuList::SetLocalSoftCount id[167]==>Count[1]
(2016-07-20 21:29:04)[4916]=====222BOOL CJsonConvert::JsonGetBandingArry==[UltraEdit快速使用指南][2]
(2016-07-20 21:29:04)[4916]-----------GetStartingProcedure name[DDKWizard (DDKBUILD project templates for Visual Studio)] Pant[C:\Program Files (x86)\DDKWizard\Uninstall.exe,0] InstallLocation[C:\Program Files (x86)\DDKWizard] 		    DisplayIcon[C:\Program Files (x86)\DDKWizard\Uninstall.exe,0] UninstallString[C:\Program Files (x86)\DDKWizard\Uninstall.exe] SoftName[]
(2016-07-20 21:29:04)[4916]=====111BindingServerInfoForID LocalID[142] LocalName[DDKWizard (DDKBUILD project templates for Visual Studio)] state[1]
(2016-07-20 21:29:04)[4916]=====111BindingServerInfoForID LocalID[158] LocalName[Microsoft Visual Studio 2010 IntelliTrace Collection (x64)] state[1]
(2016-07-20 21:29:04)[4916]-----------GetStartingProcedure name[Microsoft Windows Driver Kit 7.1.0.7600] Pant[C:\Program Files (x86)\Common Files\Microsoft KitSetup\Setup Versions\202.104.808.2200\KitSetup.exe] InstallLocation[] 		    DisplayIcon[C:\Program Files (x86)\Common Files\Microsoft KitSetup\Setup Versions\202.104.808.2200\KitSetup.exe] UninstallString[C:\Program Files (x86)\Common Files\Microsoft KitSetup\Setup Versions\202.104.808.2200\KitSetup.exe /arp {B4285279-1846-49B4-B8FD-B9EAF0FF17DA}:{68656B6B-555E-5459-5E5D-6363635E5F61}] SoftName[]
(2016-07-20 21:29:04)[4916]=====111BindingServerInfoForID LocalID[103] LocalName[Microsoft Windows Driver Kit 7.1.0.7600] state[1]
(2016-07-20 21:29:04)[4916]=====111BindingServerInfoForID LocalID[119] LocalName[Visual C++ 2008 x64 Runtime - v9.0.30729.01] state[1]
(2016-07-20 21:29:04)[4916]=====111BindingServerInfoForID LocalID[135] LocalName[Microsoft Visual C++ 2008 Redistributable - x86 9.0.30729.4974] state[1]
(2016-07-20 21:29:04)[4916]=====111BindingServerInfoForID LocalID[151] LocalName[Microsoft Windows SDK for Visual Studio 2008 .NET Framework Tools - enu] state[1]
(2016-07-20 21:29:04)[4916]=====111BindingServerInfoForID LocalID[167] LocalName[Debugging Tools for Windows (x64)] state[1]
(2016-07-20 21:29:04)[4916]-----------GetStartingProcedure name[迅雷7] Pant[d:\Program Files (x86)\Thunder Network\Thunder\Program\Thunder.exe] InstallLocation[d:\Program Files (x86)\Thunder Network\Thunder\] 		    DisplayIcon[d:\Program Files (x86)\Thunder Network\Thunder\Program\Thunder.exe] UninstallString[d:\Program Files (x86)\Thunder Network\Thunder\ThunderUninstall.exe] SoftName[Thunder.exe]
(2016-07-20 21:29:04)[4916]=====111BindingServerInfoForID LocalID[112] LocalName[迅雷7] state[2]
(2016-07-20 21:29:04)[4916]CMenuList::SetLocalSoftCount id[152]==>Count[1]
(2016-07-20 21:29:04)[4916]=====222BOOL CJsonConvert::JsonGetBandingArry==[迅雷极速版][2]
(2016-07-20 21:29:04)[4916]=====111BindingServerInfoForID LocalID[128] LocalName[Microsoft Visual C++ 2010  x86 Runtime - 10.0.30319] state[1]
(2016-07-20 21:29:04)[4916]=====111BindingServerInfoForID LocalID[144] LocalName[Microsoft .NET Framework 4 Client Profile] state[1]
(2016-07-20 21:29:04)[4916]=====111BindingServerInfoForID LocalID[160] LocalName[Microsoft Windows SDK for Visual Studio 2008 SDK Reference Assemblies and IntelliSense] state[1]
(2016-07-20 21:29:04)[4916]=====111BindingServerInfoForID LocalID[105] LocalName[Microsoft Visual Studio 2008 Professional Edition - ENU] state[1]
(2016-07-20 21:29:04)[4916]=====111BindingServerInfoForID LocalID[121] LocalName[Microsoft Visual C++ 2008 Redistributable - x86 9.0.30729.4148] state[1]
(2016-07-20 21:29:04)[4916]=====111BindingServerInfoForID LocalID[137] LocalName[Microsoft SQL Server 2008 R2 Data-Tier Application Project] state[1]
(2016-07-20 21:29:04)[4916]=====111BindingServerInfoForID LocalID[153] LocalName[Microsoft Visual C++ 2008 Redistributable - x64 9.0.30729.4148] state[1]
(2016-07-20 21:29:04)[4916]=====111BindingServerInfoForID LocalID[169] LocalName[Microsoft Visual C++ 2010  x64 Designtime - 10.0.30319] state[1]
(2016-07-20 21:29:04)[4916]=====111BindingServerInfoForID LocalID[114] LocalName[Microsoft Visual Studio Web Authoring Component] state[1]
(2016-07-20 21:29:04)[4916]=====111BindingServerInfoForID LocalID[130] LocalName[Microsoft SQL Server 2008 R2 Transact-SQL Language Service] state[1]
(2016-07-20 21:29:04)[4916]-----------GetStartingProcedure name[Microsoft Help Viewer 1.0] Pant[C:\Windows\system32\msiexec.exe] InstallLocation[C:\Program Files\Microsoft Help Viewer\v1.0\] 		    DisplayIcon[C:\Windows\system32\msiexec.exe] UninstallString[C:\Program Files\Microsoft Help Viewer\v1.0\Microsoft Help Viewer 1.0\install.exe] SoftName[]
(2016-07-20 21:29:04)[4916]=====111BindingServerInfoForID LocalID[146] LocalName[Microsoft Help Viewer 1.0] state[1]
(2016-07-20 21:29:04)[4916]=====111BindingServerInfoForID LocalID[162] LocalName[Device Simulation Framework 1.0.1] state[1]
(2016-07-20 21:29:04)[4916]=====111BindingServerInfoForID LocalID[107] LocalName[Microsoft Visual Studio Macro Tools] state[1]
(2016-07-20 21:29:04)[4916]=====111BindingServerInfoForID LocalID[123] LocalName[Microsoft SQL Server Compact 3.5 for Devices ENU] state[1]
(2016-07-20 21:29:04)[4916]=====111BindingServerInfoForID LocalID[139] LocalName[Visual C++ 2008 x86 Runtime - v9.0.30729.01] state[1]
(2016-07-20 21:29:04)[4916]=====111BindingServerInfoForID LocalID[155] LocalName[TortoiseSVN 1.9.4.27285 (64 bit)] state[1]
(2016-07-20 21:29:04)[4916]-----------GetStartingProcedure name[360安全卫士] Pant[D:\Program Files (x86)\360\360Safe\360Safe.exe] InstallLocation[D:\Program Files (x86)\360\360Safe] 		    DisplayIcon[D:\Program Files (x86)\360\360Safe\360Safe.exe] UninstallString[D:\Program Files (x86)\360\360Safe\uninst.exe] SoftName[]
(2016-07-20 21:29:04)[4916]=====111BindingServerInfoForID LocalID[100] LocalName[360安全卫士] state[1]
(2016-07-20 21:29:04)[4916]=====111BindingServerInfoForID LocalID[116] LocalName[腾讯QQ] state[2]
(2016-07-20 21:29:04)[4916]CMenuList::SetLocalSoftCount id[149]==>Count[-1]
(2016-07-20 21:29:04)[4916]=====222BOOL CJsonConvert::JsonGetBandingArry==[腾讯QQ][2]
(2016-07-20 21:29:04)[4916]=====111BindingServerInfoForID LocalID[132] LocalName[Windows Mobile 5.0 SDK R2 for Smartphone] state[1]
(2016-07-20 21:29:04)[4916]-----------GetStartingProcedure name[Microsoft Visual Studio 2008 Remote Debugger - ENU] Pant[C:\Windows\system32\msiexec.exe] InstallLocation[C:\Program Files\Microsoft Visual Studio 9.0\] 		    DisplayIcon[C:\Windows\system32\msiexec.exe] UninstallString[C:\Program Files\Microsoft Visual Studio 9.0\Microsoft Visual Studio 2008 Remote Debugger - ENU\install.exe] SoftName[]
(2016-07-20 21:29:04)[4916]=====111BindingServerInfoForID LocalID[148] LocalName[Microsoft Visual Studio 2008 Remote Debugger - ENU] state[1]
(2016-07-20 21:29:04)[4916]=====111BindingServerInfoForID LocalID[164] LocalName[Visual Studio .NET Prerequisites - English] state[1]
(2016-07-20 21:29:04)[4916]=====111BindingServerInfoForID LocalID[109] LocalName[Microsoft Office Professional Plus 2007] state[1]
(2016-07-20 21:29:04)[4916]=====111BindingServerInfoForID LocalID[125] LocalName[Microsoft SQL Server Compact 3.5 SP2 ENU] state[1]
(2016-07-20 21:29:04)[4916]-----------GetStartingProcedure name[酷狗音乐] Pant[D:\Program Files (x86)\KuGou\KGMusic\KuGou.exe] InstallLocation[] 		    DisplayIcon[D:\Program Files (x86)\KuGou\KGMusic\KuGou.exe] UninstallString[D:\Program Files (x86)\KuGou\KGMusic\uninst.exe] SoftName[KuGou.exe]
(2016-07-20 21:29:04)[4916]=====111BindingServerInfoForID LocalID[141] LocalName[酷狗音乐] state[2]
(2016-07-20 21:29:04)[4916]CMenuList::SetLocalSoftCount id[151]==>Count[1]
(2016-07-20 21:29:04)[4916]=====222BOOL CJsonConvert::JsonGetBandingArry==[酷狗音乐][2]
(2016-07-20 21:29:04)[4916]=====111BindingServerInfoForID LocalID[157] LocalName[Visual Studio 2010 Prerequisites - English] state[1]
(2016-07-20 21:29:04)[4916]-----------GetStartingProcedure name[Google Chrome] Pant[C:\Program Files (x86)\Google\Chrome\Application\chrome.exe,0] InstallLocation[C:\Program Files (x86)\Google\Chrome\Application] 		    DisplayIcon[C:\Program Files (x86)\Google\Chrome\Application\chrome.exe,0] UninstallString[C:\Program Files (x86)\Google\Chrome\Application\51.0.2704.106\Installer\setup.exe] SoftName[]
(2016-07-20 21:29:04)[4916]=====111BindingServerInfoForID LocalID[102] LocalName[Google Chrome] state[1]
(2016-07-20 21:29:04)[4916]=====111BindingServerInfoForID LocalID[118] LocalName[Microsoft SQL Server 2008 R2 Data-Tier Application Framework] state[1]
(2016-07-20 21:29:04)[4916]=====111BindingServerInfoForID LocalID[134] LocalName[Microsoft SQL Server Database Publishing Wizard 1.4] state[1]
(2016-07-20 21:29:04)[4916]-----------GetStartingProcedure name[WinRAR 5.31 (64-bit)] Pant[C:\Program Files\WinRAR\WinRAR.exe] InstallLocation[C:\Program Files\WinRAR\] 		    DisplayIcon[C:\Program Files\WinRAR\WinRAR.exe] UninstallString[C:\Program Files\WinRAR\uninstall.exe] SoftName[]
(2016-07-20 21:29:04)[4916]=====111BindingServerInfoForID LocalID[150] LocalName[WinRAR 5.31 (64-bit)] state[1]
(2016-07-20 21:29:04)[4916]=====111BindingServerInfoForID LocalID[166] LocalName[Microsoft SQL Server 2008 R2 Management Objects (x64)] state[1]
(2016-07-20 21:29:04)[4916]-----------GetStartingProcedure name[搜狗拼音输入法 8.0正式版] Pant[C:\Program Files (x86)\SogouInput\8.0.0.7885\SGTool.exe] InstallLocation[C:\Program Files (x86)\SogouInput] 		    DisplayIcon[C:\Program Files (x86)\SogouInput\8.0.0.7885\SGTool.exe] UninstallString[C:\Program Files (x86)\SogouInput\8.0.0.7885\Uninstall.exe] SoftName[]
(2016-07-20 21:29:04)[4916]=====111BindingServerInfoForID LocalID[111] LocalName[搜狗拼音输入法 8.0正式版] state[2]
(2016-07-20 21:29:04)[4916]CMenuList::SetLocalSoftCount id[156]==>Count[1]
(2016-07-20 21:29:04)[4916]=====222BOOL CJsonConvert::JsonGetBandingArry==[搜狗拼音输入法][2]
(2016-07-20 21:29:04)[4916]=====111BindingServerInfoForID LocalID[127] LocalName[Microsoft SQL Server 2008 R2 Management Objects] state[1]
(2016-07-20 21:29:04)[4916]-----------GetStartingProcedure name[Beyond Compare 4.1.3] Pant[d:\Program Files\Beyond Compare 4\BCompare.exe] InstallLocation[d:\Program Files\Beyond Compare 4\] 		    DisplayIcon[d:\Program Files\Beyond Compare 4\BCompare.exe] UninstallString[d:\Program Files\Beyond Compare 4\unins000.exe] SoftName[]
(2016-07-20 21:29:04)[4916]=====111BindingServerInfoForID LocalID[143] LocalName[Beyond Compare 4.1.3] state[2]
(2016-07-20 21:29:04)[4916]CMenuList::SetLocalSoftCount id[162]==>Count[1]
(2016-07-20 21:29:04)[4916]=====222BOOL CJsonConvert::JsonGetBandingArry==[Beyond Compare][2]
(2016-07-20 21:29:04)[4916]=====111BindingServerInfoForID LocalID[159] LocalName[Microsoft Visual C++ 2010  x64 Runtime - 10.0.30319] state[1]
(2016-07-20 21:29:04)[4916]=====111BindingServerInfoForID LocalID[120] LocalName[Visual Studio 2010 Tools for SQL Server Compact 3.5 SP2 ENU] state[1]
(2016-07-20 21:29:04)[4916]=====111BindingServerInfoForID LocalID[152] LocalName[Microsoft SQL Server System CLR Types (x64)] state[1]
(2016-07-20 21:29:04)[4916]=====111BindingServerInfoForID LocalID[129] LocalName[Windows Mobile 5.0 SDK R2 for Pocket PC] state[1]
(2016-07-20 21:29:04)[4916]=====111BindingServerInfoForID LocalID[161] LocalName[Microsoft Windows SDK for Visual Studio 2008 SP1 Win32 Tools] state[1]
(2016-07-20 21:29:11)[4916]CFunLib::HostToIp Succeed <www1.rjguanjia.com>-><192.168.2.169>
(2016-07-20 21:29:11)[4916]CHttpComm::GetWebServerData  Time [374] Url[http://www1.rjguanjia.com/interface/soft.html/?type=1&id=153&os=0&rank=1&start=0&num=20&softname=]
(2016-07-20 21:29:11)[4916]BOOL WINAPI DllGetSoftInfo Time [421]
